# JRE version: Java(TM) SE Runtime Environment (25.0.1+8) (build 25.0.1+8-LTS-27)
# Java VM: Java HotSpot(TM) 64-Bit Server VM (25.0.1+8-LTS-27, mixed mode, sharing, tiered, compressed oops, compressed class ptrs, g1 gc, windows-amd64)
GC Precious Log:
 CardTable entry size: 512
 Card Set container configuration: InlinePtr #cards 4 size 8 Array Of Cards #cards 32 size 80 Howl #buckets 8 coarsen threshold 7372 Howl Bitmap #cards 1024 size 144 coarsen threshold 921 Card regions per heap region 1 cards per card region 8192
 CPUs: 4 total, 4 available
 Memory: 7544M
 Large Page Support: Disabled
 NUMA Support: Disabled
 Compressed Oops: Enabled (Zero based)
 Heap Region Size: 4M
 Heap Min Capacity: 8M
 Heap Initial Capacity: 120M
 Heap Max Capacity: 8G
 Pre-touch: Disabled
 Parallel Workers: 4
 Concurrent Workers: 1
 Concurrent Refinement Workers: 4
 Periodic GC: Disabled
Heap:
 garbage-first heap   total reserved 8388608K, committed 643072K, used 368084K [0x0000000600000000, 0x0000000800000000)
  region size 4096K, 2 young (8192K), 2 survivors (8192K)
GC Heap Usage History (20 events):
Event: 349.731 {heap After GC invocations=71 (full 0):
 garbage-first heap   total reserved 8388608K, committed 516096K, used 219136K [0x0000000600000000, 0x0000000800000000)
  region size 4096K, 3 young (12288K), 3 survivors (12288K)
}
Event: 352.796 {heap Before GC invocations=71 (full 0):
 garbage-first heap   total reserved 8388608K, committed 516096K, used 301056K [0x0000000600000000, 0x0000000800000000)
  region size 4096K, 23 young (94208K), 3 survivors (12288K)
}
Event: 352.859 {heap After GC invocations=72 (full 0):
 garbage-first heap   total reserved 8388608K, committed 638976K, used 230637K [0x0000000600000000, 0x0000000800000000)
  region size 4096K, 3 young (12288K), 3 survivors (12288K)
}
Event: 363.669 {heap Before GC invocations=72 (full 0):
 garbage-first heap   total reserved 8388608K, committed 638976K, used 472301K [0x0000000600000000, 0x0000000800000000)
  region size 4096K, 62 young (253952K), 3 survivors (12288K)
}
Event: 363.718 {heap After GC invocations=73 (full 0):
 garbage-first heap   total reserved 8388608K, committed 638976K, used 246367K [0x0000000600000000, 0x0000000800000000)
  region size 4096K, 7 young (28672K), 7 survivors (28672K)
}
Event: 380.989 {heap Before GC invocations=73 (full 0):
 garbage-first heap   total reserved 8388608K, committed 638976K, used 528991K [0x0000000600000000, 0x0000000800000000)
  region size 4096K, 76 young (311296K), 7 survivors (28672K)
}
Event: 381.123 {heap After GC invocations=74 (full 0):
 garbage-first heap   total reserved 8388608K, committed 638976K, used 269422K [0x0000000600000000, 0x0000000800000000)
  region size 4096K, 9 young (36864K), 9 survivors (36864K)
}
Event: 386.026 {heap Before GC invocations=74 (full 0):
 garbage-first heap   total reserved 8388608K, committed 638976K, used 330862K [0x0000000600000000, 0x0000000800000000)
  region size 4096K, 25 young (102400K), 9 survivors (36864K)
}
Event: 386.154 {heap After GC invocations=75 (full 0):
 garbage-first heap   total reserved 8388608K, committed 638976K, used 270159K [0x0000000600000000, 0x0000000800000000)
  region size 4096K, 2 young (8192K), 2 survivors (8192K)
}
Event: 413.803 {heap Before GC invocations=76 (full 0):
 garbage-first heap   total reserved 8388608K, committed 638976K, used 548687K [0x0000000600000000, 0x0000000800000000)
  region size 4096K, 70 young (286720K), 2 survivors (8192K)
}
Event: 413.932 {heap After GC invocations=77 (full 0):
 garbage-first heap   total reserved 8388608K, committed 638976K, used 290816K [0x0000000600000000, 0x0000000800000000)
  region size 4096K, 6 young (24576K), 6 survivors (24576K)
}
Event: 429.109 {heap Before GC invocations=77 (full 0):
 garbage-first heap   total reserved 8388608K, committed 638976K, used 557056K [0x0000000600000000, 0x0000000800000000)
  region size 4096K, 72 young (294912K), 6 survivors (24576K)
}
Event: 429.463 {heap After GC invocations=78 (full 0):
 garbage-first heap   total reserved 8388608K, committed 638976K, used 304927K [0x0000000600000000, 0x0000000800000000)
  region size 4096K, 9 young (36864K), 9 survivors (36864K)
}
Event: 429.470 {heap Before GC invocations=78 (full 0):
 garbage-first heap   total reserved 8388608K, committed 638976K, used 309023K [0x0000000600000000, 0x0000000800000000)
  region size 4096K, 10 young (40960K), 9 survivors (36864K)
}
Event: 429.666 {heap After GC invocations=79 (full 0):
 garbage-first heap   total reserved 8388608K, committed 638976K, used 303437K [0x0000000600000000, 0x0000000800000000)
  region size 4096K, 2 young (8192K), 2 survivors (8192K)
}
Event: 434.122 {heap Before GC invocations=79 (full 0):
 garbage-first heap   total reserved 8388608K, committed 638976K, used 377165K [0x0000000600000000, 0x0000000800000000)
  region size 4096K, 22 young (90112K), 2 survivors (8192K)
}
Event: 434.158 {heap After GC invocations=80 (full 0):
 garbage-first heap   total reserved 8388608K, committed 638976K, used 303502K [0x0000000600000000, 0x0000000800000000)
  region size 4096K, 2 young (8192K), 2 survivors (8192K)
}
Event: 450.910 {heap Before GC invocations=81 (full 0):
 garbage-first heap   total reserved 8388608K, committed 638976K, used 557454K [0x0000000600000000, 0x0000000800000000)
  region size 4096K, 66 young (270336K), 2 survivors (8192K)
}
Event: 451.095 {heap After GC invocations=82 (full 0):
 garbage-first heap   total reserved 8388608K, committed 643072K, used 364542K [0x0000000600000000, 0x0000000800000000)
  region size 4096K, 9 young (36864K), 9 survivors (36864K)
}
Event: 452.115 {heap Before GC invocations=82 (full 0):
 garbage-first heap   total reserved 8388608K, committed 643072K, used 393214K [0x0000000600000000, 0x0000000800000000)
  region size 4096K, 16 young (65536K), 9 survivors (36864K)
}

